#! /c/Source/iverilog-install/bin/vvp
:ivl_version "12.0 (devel)" "(s20150603-1539-g2693dd32b)";
:ivl_delay_selection "TYPICAL";
:vpi_time_precision - 12;
:vpi_module "C:\iverilog\lib\ivl\system.vpi";
:vpi_module "C:\iverilog\lib\ivl\vhdl_sys.vpi";
:vpi_module "C:\iverilog\lib\ivl\vhdl_textio.vpi";
:vpi_module "C:\iverilog\lib\ivl\v2005_math.vpi";
:vpi_module "C:\iverilog\lib\ivl\va_math.vpi";
S_000001e77d982df0 .scope module, "tb_counter_divider" "tb_counter_divider" 2 3;
 .timescale -9 -12;
v000001e77d9b4090_0 .var "clk", 0 0;
v000001e77d9b4130_0 .net "count", 3 0, v000001e77d9835a0_0;  1 drivers
v000001e77d9b41d0_0 .var "reset", 0 0;
v000001e77d9b4270_0 .net "slow_clk", 0 0, v000001e77d9b3ff0_0;  1 drivers
S_000001e77d982f80 .scope module, "uut" "counter_divider" 2 9, 3 3 0, S_000001e77d982df0;
 .timescale -9 -12;
    .port_info 0 /INPUT 1 "clk";
    .port_info 1 /INPUT 1 "reset";
    .port_info 2 /OUTPUT 4 "count";
    .port_info 3 /OUTPUT 1 "slow_clk";
v000001e77d983380_0 .net "clk", 0 0, v000001e77d9b4090_0;  1 drivers
v000001e77d9835a0_0 .var "count", 3 0;
v000001e77d983110_0 .net "reset", 0 0, v000001e77d9b41d0_0;  1 drivers
v000001e77d9b3ff0_0 .var "slow_clk", 0 0;
E_000001e77d9a6d30 .event posedge, v000001e77d983110_0, v000001e77d983380_0;
    .scope S_000001e77d982f80;
T_0 ;
    %wait E_000001e77d9a6d30;
    %load/vec4 v000001e77d983110_0;
    %flag_set/vec4 8;
    %jmp/0xz  T_0.0, 8;
    %pushi/vec4 0, 0, 4;
    %assign/vec4 v000001e77d9835a0_0, 0;
    %pushi/vec4 0, 0, 1;
    %assign/vec4 v000001e77d9b3ff0_0, 0;
    %jmp T_0.1;
T_0.0 ;
    %load/vec4 v000001e77d9835a0_0;
    %cmpi/e 7, 0, 4;
    %jmp/0xz  T_0.2, 4;
    %pushi/vec4 0, 0, 4;
    %assign/vec4 v000001e77d9835a0_0, 0;
    %load/vec4 v000001e77d9b3ff0_0;
    %inv;
    %assign/vec4 v000001e77d9b3ff0_0, 0;
    %jmp T_0.3;
T_0.2 ;
    %load/vec4 v000001e77d9835a0_0;
    %addi 1, 0, 4;
    %assign/vec4 v000001e77d9835a0_0, 0;
T_0.3 ;
T_0.1 ;
    %jmp T_0;
    .thread T_0;
    .scope S_000001e77d982df0;
T_1 ;
    %pushi/vec4 0, 0, 1;
    %store/vec4 v000001e77d9b4090_0, 0, 1;
T_1.0 ;
    %delay 5000, 0;
    %load/vec4 v000001e77d9b4090_0;
    %inv;
    %store/vec4 v000001e77d9b4090_0, 0, 1;
    %jmp T_1.0;
    %end;
    .thread T_1;
    .scope S_000001e77d982df0;
T_2 ;
    %vpi_call 2 17 "$dumpfile", "lab07_counter_divider.vcd" {0 0 0};
    %vpi_call 2 18 "$dumpvars", 32'sb00000000000000000000000000000000, S_000001e77d982df0 {0 0 0};
    %pushi/vec4 1, 0, 1;
    %store/vec4 v000001e77d9b41d0_0, 0, 1;
    %delay 12000, 0;
    %pushi/vec4 0, 0, 1;
    %store/vec4 v000001e77d9b41d0_0, 0, 1;
    %delay 180000, 0;
    %pushi/vec4 1, 0, 1;
    %store/vec4 v000001e77d9b41d0_0, 0, 1;
    %delay 10000, 0;
    %pushi/vec4 0, 0, 1;
    %store/vec4 v000001e77d9b41d0_0, 0, 1;
    %delay 90000, 0;
    %vpi_call 2 30 "$finish" {0 0 0};
    %end;
    .thread T_2;
# The file index is used to find the file name in the following table.
:file_names 4;
    "N/A";
    "<interactive>";
    "tb_counter_divider.v";
    "counter_divider.v";
