#! /c/Source/iverilog-install/bin/vvp
:ivl_version "12.0 (devel)" "(s20150603-1539-g2693dd32b)";
:ivl_delay_selection "TYPICAL";
:vpi_time_precision - 12;
:vpi_module "C:\iverilog\lib\ivl\system.vpi";
:vpi_module "C:\iverilog\lib\ivl\vhdl_sys.vpi";
:vpi_module "C:\iverilog\lib\ivl\vhdl_textio.vpi";
:vpi_module "C:\iverilog\lib\ivl\v2005_math.vpi";
:vpi_module "C:\iverilog\lib\ivl\va_math.vpi";
S_0000018771aa94e0 .scope module, "tb_mux_decoder" "tb_mux_decoder" 2 3;
 .timescale -9 -12;
v0000018771ab7270_0 .var "data", 3 0;
v0000018771ab7310_0 .var "data8", 7 0;
v0000018771ab36b0_0 .net "dec_y", 3 0, v0000018771aaba60_0;  1 drivers
v0000018771ab3750_0 .var "enable", 0 0;
v0000018771b0f370_0 .var/i "i", 31 0;
v0000018771b0f050_0 .net "mux8_y", 0 0, v0000018771ab71d0_0;  1 drivers
v0000018771b0f730_0 .net "mux_y", 0 0, v0000018771abba60_0;  1 drivers
v0000018771b0feb0_0 .var "sel", 1 0;
v0000018771b0f690_0 .var "sel8", 2 0;
S_0000018771abb6a0 .scope module, "dec" "decoder2to4" 2 18, 3 39 0, S_0000018771aa94e0;
 .timescale -9 -12;
    .port_info 0 /INPUT 2 "sel";
    .port_info 1 /INPUT 1 "enable";
    .port_info 2 /OUTPUT 4 "y";
v0000018771a66c40_0 .net "enable", 0 0, v0000018771ab3750_0;  1 drivers
v0000018771a66fb0_0 .net "sel", 1 0, v0000018771b0feb0_0;  1 drivers
v0000018771aaba60_0 .var "y", 3 0;
E_0000018771aba1f0 .event anyedge, v0000018771a66c40_0, v0000018771a66fb0_0;
S_0000018771abb830 .scope module, "mux" "mux4to1" 2 16, 3 3 0, S_0000018771aa94e0;
 .timescale -9 -12;
    .port_info 0 /INPUT 4 "data";
    .port_info 1 /INPUT 2 "sel";
    .port_info 2 /OUTPUT 1 "y";
v0000018771aa9670_0 .net "data", 3 0, v0000018771ab7270_0;  1 drivers
v0000018771abb9c0_0 .net "sel", 1 0, v0000018771b0feb0_0;  alias, 1 drivers
v0000018771abba60_0 .var "y", 0 0;
E_0000018771ab9a70 .event anyedge, v0000018771a66fb0_0, v0000018771aa9670_0;
S_0000018771ab6fa0 .scope module, "mux8" "mux8to1" 2 17, 3 19 0, S_0000018771aa94e0;
 .timescale -9 -12;
    .port_info 0 /INPUT 8 "data";
    .port_info 1 /INPUT 3 "sel";
    .port_info 2 /OUTPUT 1 "y";
v0000018771ab7130_0 .net "data", 7 0, v0000018771ab7310_0;  1 drivers
v0000018771a66860_0 .net "sel", 2 0, v0000018771b0f690_0;  1 drivers
v0000018771ab71d0_0 .var "y", 0 0;
E_0000018771ab9c30 .event anyedge, v0000018771a66860_0, v0000018771ab7130_0;
    .scope S_0000018771abb830;
T_0 ;
    %wait E_0000018771ab9a70;
    %load/vec4 v0000018771abb9c0_0;
    %dup/vec4;
    %pushi/vec4 0, 0, 2;
    %cmp/u;
    %jmp/1 T_0.0, 6;
    %dup/vec4;
    %pushi/vec4 1, 0, 2;
    %cmp/u;
    %jmp/1 T_0.1, 6;
    %dup/vec4;
    %pushi/vec4 2, 0, 2;
    %cmp/u;
    %jmp/1 T_0.2, 6;
    %dup/vec4;
    %pushi/vec4 3, 0, 2;
    %cmp/u;
    %jmp/1 T_0.3, 6;
    %pushi/vec4 0, 0, 1;
    %store/vec4 v0000018771abba60_0, 0, 1;
    %jmp T_0.5;
T_0.0 ;
    %load/vec4 v0000018771aa9670_0;
    %parti/s 1, 0, 2;
    %store/vec4 v0000018771abba60_0, 0, 1;
    %jmp T_0.5;
T_0.1 ;
    %load/vec4 v0000018771aa9670_0;
    %parti/s 1, 1, 2;
    %store/vec4 v0000018771abba60_0, 0, 1;
    %jmp T_0.5;
T_0.2 ;
    %load/vec4 v0000018771aa9670_0;
    %parti/s 1, 2, 3;
    %store/vec4 v0000018771abba60_0, 0, 1;
    %jmp T_0.5;
T_0.3 ;
    %load/vec4 v0000018771aa9670_0;
    %parti/s 1, 3, 3;
    %store/vec4 v0000018771abba60_0, 0, 1;
    %jmp T_0.5;
T_0.5 ;
    %pop/vec4 1;
    %jmp T_0;
    .thread T_0, $push;
    .scope S_0000018771ab6fa0;
T_1 ;
    %wait E_0000018771ab9c30;
    %load/vec4 v0000018771a66860_0;
    %dup/vec4;
    %pushi/vec4 0, 0, 3;
    %cmp/u;
    %jmp/1 T_1.0, 6;
    %dup/vec4;
    %pushi/vec4 1, 0, 3;
    %cmp/u;
    %jmp/1 T_1.1, 6;
    %dup/vec4;
    %pushi/vec4 2, 0, 3;
    %cmp/u;
    %jmp/1 T_1.2, 6;
    %dup/vec4;
    %pushi/vec4 3, 0, 3;
    %cmp/u;
    %jmp/1 T_1.3, 6;
    %dup/vec4;
    %pushi/vec4 4, 0, 3;
    %cmp/u;
    %jmp/1 T_1.4, 6;
    %dup/vec4;
    %pushi/vec4 5, 0, 3;
    %cmp/u;
    %jmp/1 T_1.5, 6;
    %dup/vec4;
    %pushi/vec4 6, 0, 3;
    %cmp/u;
    %jmp/1 T_1.6, 6;
    %dup/vec4;
    %pushi/vec4 7, 0, 3;
    %cmp/u;
    %jmp/1 T_1.7, 6;
    %pushi/vec4 0, 0, 1;
    %store/vec4 v0000018771ab71d0_0, 0, 1;
    %jmp T_1.9;
T_1.0 ;
    %load/vec4 v0000018771ab7130_0;
    %parti/s 1, 0, 2;
    %store/vec4 v0000018771ab71d0_0, 0, 1;
    %jmp T_1.9;
T_1.1 ;
    %load/vec4 v0000018771ab7130_0;
    %parti/s 1, 1, 2;
    %store/vec4 v0000018771ab71d0_0, 0, 1;
    %jmp T_1.9;
T_1.2 ;
    %load/vec4 v0000018771ab7130_0;
    %parti/s 1, 2, 3;
    %store/vec4 v0000018771ab71d0_0, 0, 1;
    %jmp T_1.9;
T_1.3 ;
    %load/vec4 v0000018771ab7130_0;
    %parti/s 1, 3, 3;
    %store/vec4 v0000018771ab71d0_0, 0, 1;
    %jmp T_1.9;
T_1.4 ;
    %load/vec4 v0000018771ab7130_0;
    %parti/s 1, 4, 4;
    %store/vec4 v0000018771ab71d0_0, 0, 1;
    %jmp T_1.9;
T_1.5 ;
    %load/vec4 v0000018771ab7130_0;
    %parti/s 1, 5, 4;
    %store/vec4 v0000018771ab71d0_0, 0, 1;
    %jmp T_1.9;
T_1.6 ;
    %load/vec4 v0000018771ab7130_0;
    %parti/s 1, 6, 4;
    %store/vec4 v0000018771ab71d0_0, 0, 1;
    %jmp T_1.9;
T_1.7 ;
    %load/vec4 v0000018771ab7130_0;
    %parti/s 1, 7, 4;
    %store/vec4 v0000018771ab71d0_0, 0, 1;
    %jmp T_1.9;
T_1.9 ;
    %pop/vec4 1;
    %jmp T_1;
    .thread T_1, $push;
    .scope S_0000018771abb6a0;
T_2 ;
    %wait E_0000018771aba1f0;
    %load/vec4 v0000018771a66c40_0;
    %flag_set/vec4 8;
    %jmp/0xz  T_2.0, 8;
    %load/vec4 v0000018771a66fb0_0;
    %dup/vec4;
    %pushi/vec4 0, 0, 2;
    %cmp/u;
    %jmp/1 T_2.2, 6;
    %dup/vec4;
    %pushi/vec4 1, 0, 2;
    %cmp/u;
    %jmp/1 T_2.3, 6;
    %dup/vec4;
    %pushi/vec4 2, 0, 2;
    %cmp/u;
    %jmp/1 T_2.4, 6;
    %dup/vec4;
    %pushi/vec4 3, 0, 2;
    %cmp/u;
    %jmp/1 T_2.5, 6;
    %pushi/vec4 0, 0, 4;
    %store/vec4 v0000018771aaba60_0, 0, 4;
    %jmp T_2.7;
T_2.2 ;
    %pushi/vec4 1, 0, 4;
    %store/vec4 v0000018771aaba60_0, 0, 4;
    %jmp T_2.7;
T_2.3 ;
    %pushi/vec4 2, 0, 4;
    %store/vec4 v0000018771aaba60_0, 0, 4;
    %jmp T_2.7;
T_2.4 ;
    %pushi/vec4 4, 0, 4;
    %store/vec4 v0000018771aaba60_0, 0, 4;
    %jmp T_2.7;
T_2.5 ;
    %pushi/vec4 8, 0, 4;
    %store/vec4 v0000018771aaba60_0, 0, 4;
    %jmp T_2.7;
T_2.7 ;
    %pop/vec4 1;
    %jmp T_2.1;
T_2.0 ;
    %pushi/vec4 0, 0, 4;
    %store/vec4 v0000018771aaba60_0, 0, 4;
T_2.1 ;
    %jmp T_2;
    .thread T_2, $push;
    .scope S_0000018771aa94e0;
T_3 ;
    %vpi_call 2 21 "$dumpfile", "lab04_mux_decoder.vcd" {0 0 0};
    %vpi_call 2 22 "$dumpvars", 32'sb00000000000000000000000000000000, S_0000018771aa94e0 {0 0 0};
    %pushi/vec4 10, 0, 4;
    %store/vec4 v0000018771ab7270_0, 0, 4;
    %pushi/vec4 1, 0, 1;
    %store/vec4 v0000018771ab3750_0, 0, 1;
    %vpi_call 2 27 "$display", "data sel enable | mux_y dec_y" {0 0 0};
    %pushi/vec4 0, 0, 32;
    %store/vec4 v0000018771b0f370_0, 0, 32;
T_3.0 ;
    %load/vec4 v0000018771b0f370_0;
    %cmpi/s 4, 0, 32;
    %jmp/0xz T_3.1, 5;
    %load/vec4 v0000018771b0f370_0;
    %parti/s 2, 0, 2;
    %store/vec4 v0000018771b0feb0_0, 0, 2;
    %delay 10000, 0;
    %vpi_call 2 31 "$display", "%b  %b    %b    |   %b   %b", v0000018771ab7270_0, v0000018771b0feb0_0, v0000018771ab3750_0, v0000018771b0f730_0, v0000018771ab36b0_0 {0 0 0};
    %load/vec4 v0000018771b0f370_0;
    %addi 1, 0, 32;
    %store/vec4 v0000018771b0f370_0, 0, 32;
    %jmp T_3.0;
T_3.1 ;
    %pushi/vec4 0, 0, 1;
    %store/vec4 v0000018771ab3750_0, 0, 1;
    %pushi/vec4 0, 0, 32;
    %store/vec4 v0000018771b0f370_0, 0, 32;
T_3.2 ;
    %load/vec4 v0000018771b0f370_0;
    %cmpi/s 4, 0, 32;
    %jmp/0xz T_3.3, 5;
    %load/vec4 v0000018771b0f370_0;
    %parti/s 2, 0, 2;
    %store/vec4 v0000018771b0feb0_0, 0, 2;
    %delay 10000, 0;
    %vpi_call 2 38 "$display", "%b  %b    %b    |   %b   %b", v0000018771ab7270_0, v0000018771b0feb0_0, v0000018771ab3750_0, v0000018771b0f730_0, v0000018771ab36b0_0 {0 0 0};
    %load/vec4 v0000018771b0f370_0;
    %addi 1, 0, 32;
    %store/vec4 v0000018771b0f370_0, 0, 32;
    %jmp T_3.2;
T_3.3 ;
    %pushi/vec4 180, 0, 8;
    %store/vec4 v0000018771ab7310_0, 0, 8;
    %vpi_call 2 43 "$display", "8-to-1 mux checks" {0 0 0};
    %vpi_call 2 44 "$display", "data8    sel8 | mux8_y" {0 0 0};
    %pushi/vec4 0, 0, 32;
    %store/vec4 v0000018771b0f370_0, 0, 32;
T_3.4 ;
    %load/vec4 v0000018771b0f370_0;
    %cmpi/s 8, 0, 32;
    %jmp/0xz T_3.5, 5;
    %load/vec4 v0000018771b0f370_0;
    %parti/s 3, 0, 2;
    %store/vec4 v0000018771b0f690_0, 0, 3;
    %delay 10000, 0;
    %vpi_call 2 48 "$display", "%b  %b  |   %b", v0000018771ab7310_0, v0000018771b0f690_0, v0000018771b0f050_0 {0 0 0};
    %load/vec4 v0000018771b0f370_0;
    %addi 1, 0, 32;
    %store/vec4 v0000018771b0f370_0, 0, 32;
    %jmp T_3.4;
T_3.5 ;
    %vpi_call 2 51 "$finish" {0 0 0};
    %end;
    .thread T_3;
# The file index is used to find the file name in the following table.
:file_names 4;
    "N/A";
    "<interactive>";
    "tb_mux_decoder.v";
    "mux_decoder.v";
