#! /c/Source/iverilog-install/bin/vvp
:ivl_version "12.0 (devel)" "(s20150603-1539-g2693dd32b)";
:ivl_delay_selection "TYPICAL";
:vpi_time_precision - 12;
:vpi_module "C:\iverilog\lib\ivl\system.vpi";
:vpi_module "C:\iverilog\lib\ivl\vhdl_sys.vpi";
:vpi_module "C:\iverilog\lib\ivl\vhdl_textio.vpi";
:vpi_module "C:\iverilog\lib\ivl\v2005_math.vpi";
:vpi_module "C:\iverilog\lib\ivl\va_math.vpi";
S_000001e20c254fe0 .scope module, "tb_compare_alu" "tb_compare_alu" 2 3;
 .timescale -9 -12;
v000001e20c263f50_0 .var "a", 3 0;
v000001e20c263ff0_0 .var "b", 3 0;
v000001e20c264090_0 .net "eq", 0 0, L_000001e20c2b9580;  1 drivers
v000001e20c264130_0 .net "gt", 0 0, L_000001e20c2b9ee0;  1 drivers
v000001e20c2b9300_0 .var/i "i", 31 0;
v000001e20c2b9f80_0 .net "lt", 0 0, L_000001e20c2b98a0;  1 drivers
v000001e20c2b93a0_0 .var "op", 2 0;
v000001e20c2b99e0_0 .net "result", 3 0, v000001e20c216450_0;  1 drivers
v000001e20c2b94e0_0 .net "zero", 0 0, L_000001e20c2b9a80;  1 drivers
S_000001e20c255430 .scope module, "alu" "alu4" 2 16, 3 15 0, S_000001e20c254fe0;
 .timescale -9 -12;
    .port_info 0 /INPUT 4 "a";
    .port_info 1 /INPUT 4 "b";
    .port_info 2 /INPUT 3 "op";
    .port_info 3 /OUTPUT 4 "result";
    .port_info 4 /OUTPUT 1 "zero";
L_000001e20c2ba048 .functor BUFT 1, C4<0000>, C4<0>, C4<0>, C4<0>;
v000001e20c216c60_0 .net/2u *"_ivl_0", 3 0, L_000001e20c2ba048;  1 drivers
v000001e20c2555c0_0 .net "a", 3 0, v000001e20c263f50_0;  1 drivers
v000001e20c255660_0 .net "b", 3 0, v000001e20c263ff0_0;  1 drivers
v000001e20c255700_0 .net "op", 2 0, v000001e20c2b93a0_0;  1 drivers
v000001e20c216450_0 .var "result", 3 0;
v000001e20c2164f0_0 .net "zero", 0 0, L_000001e20c2b9a80;  alias, 1 drivers
E_000001e20c21ab40 .event anyedge, v000001e20c255700_0, v000001e20c2555c0_0, v000001e20c255660_0;
L_000001e20c2b9a80 .cmp/eq 4, v000001e20c216450_0, L_000001e20c2ba048;
S_000001e20c216590 .scope module, "cmp" "comparator4" 2 15, 3 3 0, S_000001e20c254fe0;
 .timescale -9 -12;
    .port_info 0 /INPUT 4 "a";
    .port_info 1 /INPUT 4 "b";
    .port_info 2 /OUTPUT 1 "eq";
    .port_info 3 /OUTPUT 1 "gt";
    .port_info 4 /OUTPUT 1 "lt";
v000001e20c216720_0 .net "a", 3 0, v000001e20c263f50_0;  alias, 1 drivers
v000001e20c2167c0_0 .net "b", 3 0, v000001e20c263ff0_0;  alias, 1 drivers
v000001e20c216860_0 .net "eq", 0 0, L_000001e20c2b9580;  alias, 1 drivers
v000001e20c263e10_0 .net "gt", 0 0, L_000001e20c2b9ee0;  alias, 1 drivers
v000001e20c263eb0_0 .net "lt", 0 0, L_000001e20c2b98a0;  alias, 1 drivers
L_000001e20c2b9580 .cmp/eq 4, v000001e20c263f50_0, v000001e20c263ff0_0;
L_000001e20c2b9ee0 .cmp/gt 4, v000001e20c263f50_0, v000001e20c263ff0_0;
L_000001e20c2b98a0 .cmp/gt 4, v000001e20c263ff0_0, v000001e20c263f50_0;
    .scope S_000001e20c255430;
T_0 ;
    %wait E_000001e20c21ab40;
    %load/vec4 v000001e20c255700_0;
    %dup/vec4;
    %pushi/vec4 0, 0, 3;
    %cmp/u;
    %jmp/1 T_0.0, 6;
    %dup/vec4;
    %pushi/vec4 1, 0, 3;
    %cmp/u;
    %jmp/1 T_0.1, 6;
    %dup/vec4;
    %pushi/vec4 2, 0, 3;
    %cmp/u;
    %jmp/1 T_0.2, 6;
    %dup/vec4;
    %pushi/vec4 3, 0, 3;
    %cmp/u;
    %jmp/1 T_0.3, 6;
    %dup/vec4;
    %pushi/vec4 4, 0, 3;
    %cmp/u;
    %jmp/1 T_0.4, 6;
    %pushi/vec4 0, 0, 4;
    %store/vec4 v000001e20c216450_0, 0, 4;
    %jmp T_0.6;
T_0.0 ;
    %load/vec4 v000001e20c2555c0_0;
    %load/vec4 v000001e20c255660_0;
    %add;
    %store/vec4 v000001e20c216450_0, 0, 4;
    %jmp T_0.6;
T_0.1 ;
    %load/vec4 v000001e20c2555c0_0;
    %load/vec4 v000001e20c255660_0;
    %sub;
    %store/vec4 v000001e20c216450_0, 0, 4;
    %jmp T_0.6;
T_0.2 ;
    %load/vec4 v000001e20c2555c0_0;
    %load/vec4 v000001e20c255660_0;
    %and;
    %store/vec4 v000001e20c216450_0, 0, 4;
    %jmp T_0.6;
T_0.3 ;
    %load/vec4 v000001e20c2555c0_0;
    %load/vec4 v000001e20c255660_0;
    %or;
    %store/vec4 v000001e20c216450_0, 0, 4;
    %jmp T_0.6;
T_0.4 ;
    %load/vec4 v000001e20c2555c0_0;
    %inv;
    %store/vec4 v000001e20c216450_0, 0, 4;
    %jmp T_0.6;
T_0.6 ;
    %pop/vec4 1;
    %jmp T_0;
    .thread T_0, $push;
    .scope S_000001e20c254fe0;
T_1 ;
    %vpi_call 2 19 "$dumpfile", "lab05_compare_alu.vcd" {0 0 0};
    %vpi_call 2 20 "$dumpvars", 32'sb00000000000000000000000000000000, S_000001e20c254fe0 {0 0 0};
    %pushi/vec4 9, 0, 4;
    %store/vec4 v000001e20c263f50_0, 0, 4;
    %pushi/vec4 3, 0, 4;
    %store/vec4 v000001e20c263ff0_0, 0, 4;
    %vpi_call 2 24 "$display", "a b op | result zero eq gt lt" {0 0 0};
    %pushi/vec4 0, 0, 32;
    %store/vec4 v000001e20c2b9300_0, 0, 32;
T_1.0 ;
    %load/vec4 v000001e20c2b9300_0;
    %cmpi/s 4, 0, 32;
    %jmp/0xz T_1.1, 5;
    %load/vec4 v000001e20c2b9300_0;
    %parti/s 3, 0, 2;
    %store/vec4 v000001e20c2b93a0_0, 0, 3;
    %delay 10000, 0;
    %vpi_call 2 29 "$display", "%d %d %b |   %d     %b   %b  %b  %b", v000001e20c263f50_0, v000001e20c263ff0_0, v000001e20c2b93a0_0, v000001e20c2b99e0_0, v000001e20c2b94e0_0, v000001e20c264090_0, v000001e20c264130_0, v000001e20c2b9f80_0 {0 0 0};
    %load/vec4 v000001e20c2b9300_0;
    %addi 1, 0, 32;
    %store/vec4 v000001e20c2b9300_0, 0, 32;
    %jmp T_1.0;
T_1.1 ;
    %pushi/vec4 5, 0, 4;
    %store/vec4 v000001e20c263f50_0, 0, 4;
    %pushi/vec4 5, 0, 4;
    %store/vec4 v000001e20c263ff0_0, 0, 4;
    %pushi/vec4 1, 0, 3;
    %store/vec4 v000001e20c2b93a0_0, 0, 3;
    %delay 10000, 0;
    %vpi_call 2 37 "$display", "%d %d %b |   %d     %b   %b  %b  %b", v000001e20c263f50_0, v000001e20c263ff0_0, v000001e20c2b93a0_0, v000001e20c2b99e0_0, v000001e20c2b94e0_0, v000001e20c264090_0, v000001e20c264130_0, v000001e20c2b9f80_0 {0 0 0};
    %pushi/vec4 10, 0, 4;
    %store/vec4 v000001e20c263f50_0, 0, 4;
    %pushi/vec4 0, 0, 4;
    %store/vec4 v000001e20c263ff0_0, 0, 4;
    %pushi/vec4 4, 0, 3;
    %store/vec4 v000001e20c2b93a0_0, 0, 3;
    %delay 10000, 0;
    %vpi_call 2 44 "$display", "%d %d %b |   %d     %b   %b  %b  %b", v000001e20c263f50_0, v000001e20c263ff0_0, v000001e20c2b93a0_0, v000001e20c2b99e0_0, v000001e20c2b94e0_0, v000001e20c264090_0, v000001e20c264130_0, v000001e20c2b9f80_0 {0 0 0};
    %vpi_call 2 47 "$finish" {0 0 0};
    %end;
    .thread T_1;
# The file index is used to find the file name in the following table.
:file_names 4;
    "N/A";
    "<interactive>";
    "tb_compare_alu.v";
    "compare_alu.v";
