#! /c/Source/iverilog-install/bin/vvp
:ivl_version "12.0 (devel)" "(s20150603-1539-g2693dd32b)";
:ivl_delay_selection "TYPICAL";
:vpi_time_precision - 12;
:vpi_module "C:\iverilog\lib\ivl\system.vpi";
:vpi_module "C:\iverilog\lib\ivl\vhdl_sys.vpi";
:vpi_module "C:\iverilog\lib\ivl\vhdl_textio.vpi";
:vpi_module "C:\iverilog\lib\ivl\v2005_math.vpi";
:vpi_module "C:\iverilog\lib\ivl\va_math.vpi";
S_000002816ad6aa40 .scope module, "tb_school_zone_traffic_controller" "tb_school_zone_traffic_controller" 2 3;
 .timescale -9 -12;
P_000002816ad6abd0 .param/l "GREEN" 1 2 14, C4<001>;
P_000002816ad6ac08 .param/l "RED" 1 2 12, C4<100>;
P_000002816ad6ac40 .param/l "YELLOW" 1 2 13, C4<010>;
v000002816ad73ce0_0 .var "clk", 0 0;
v000002816ad73d80_0 .net "main_light", 2 0, v000002816ad6bbf0_0;  1 drivers
v000002816ad73e20_0 .net "ped_pending", 0 0, v000002816ad6bc90_0;  1 drivers
v000002816add8470_0 .var "ped_request", 0 0;
v000002816add8330_0 .var "reset", 0 0;
v000002816add81f0_0 .net "side_light", 2 0, v000002816ad73a60_0;  1 drivers
v000002816add83d0_0 .net "walk_light", 0 0, v000002816ad73c40_0;  1 drivers
E_000002816ad6c950 .event posedge, v000002816ad42e50_0;
S_000002816ad68cf0 .scope module, "uut" "school_zone_traffic_controller" 2 16, 3 3 0, S_000002816ad6aa40;
 .timescale -9 -12;
    .port_info 0 /INPUT 1 "clk";
    .port_info 1 /INPUT 1 "reset";
    .port_info 2 /INPUT 1 "ped_request";
    .port_info 3 /OUTPUT 3 "main_light";
    .port_info 4 /OUTPUT 3 "side_light";
    .port_info 5 /OUTPUT 1 "walk_light";
    .port_info 6 /OUTPUT 1 "ped_pending";
P_000002816ad68e80 .param/l "GREEN" 1 3 14, C4<001>;
P_000002816ad68eb8 .param/l "MAIN_GREEN" 1 3 16, C4<00>;
P_000002816ad68ef0 .param/l "MAIN_GREEN_NORMAL_TICKS" 1 3 21, C4<0110>;
P_000002816ad68f28 .param/l "MAIN_GREEN_PED_TICKS" 1 3 22, C4<0011>;
P_000002816ad68f60 .param/l "MAIN_YELLOW" 1 3 17, C4<01>;
P_000002816ad68f98 .param/l "RED" 1 3 12, C4<100>;
P_000002816ad68fd0 .param/l "SIDE_GREEN" 1 3 18, C4<10>;
P_000002816ad69008 .param/l "SIDE_GREEN_NORMAL_TICKS" 1 3 24, C4<0100>;
P_000002816ad69040 .param/l "SIDE_GREEN_PED_TICKS" 1 3 25, C4<0110>;
P_000002816ad69078 .param/l "SIDE_YELLOW" 1 3 19, C4<11>;
P_000002816ad690b0 .param/l "YELLOW" 1 3 13, C4<010>;
P_000002816ad690e8 .param/l "YELLOW_TICKS" 1 3 23, C4<0010>;
v000002816ad42e50_0 .net "clk", 0 0, v000002816ad73ce0_0;  1 drivers
v000002816ad42bf0_0 .var "limit", 3 0;
v000002816ad6bbf0_0 .var "main_light", 2 0;
v000002816ad6bc90_0 .var "ped_pending", 0 0;
v000002816ad73920_0 .net "ped_request", 0 0, v000002816add8470_0;  1 drivers
v000002816ad739c0_0 .net "reset", 0 0, v000002816add8330_0;  1 drivers
v000002816ad73a60_0 .var "side_light", 2 0;
v000002816ad73b00_0 .var "state", 1 0;
v000002816ad73ba0_0 .var "timer", 3 0;
v000002816ad73c40_0 .var "walk_light", 0 0;
E_000002816ad6c810 .event posedge, v000002816ad739c0_0, v000002816ad42e50_0;
E_000002816ad6d590 .event anyedge, v000002816ad73b00_0, v000002816ad6bc90_0, v000002816ad73920_0;
    .scope S_000002816ad68cf0;
T_0 ;
    %wait E_000002816ad6d590;
    %load/vec4 v000002816ad73b00_0;
    %dup/vec4;
    %pushi/vec4 0, 0, 2;
    %cmp/u;
    %jmp/1 T_0.0, 6;
    %dup/vec4;
    %pushi/vec4 1, 0, 2;
    %cmp/u;
    %jmp/1 T_0.1, 6;
    %dup/vec4;
    %pushi/vec4 2, 0, 2;
    %cmp/u;
    %jmp/1 T_0.2, 6;
    %dup/vec4;
    %pushi/vec4 3, 0, 2;
    %cmp/u;
    %jmp/1 T_0.3, 6;
    %pushi/vec4 1, 0, 3;
    %store/vec4 v000002816ad6bbf0_0, 0, 3;
    %pushi/vec4 4, 0, 3;
    %store/vec4 v000002816ad73a60_0, 0, 3;
    %pushi/vec4 0, 0, 1;
    %store/vec4 v000002816ad73c40_0, 0, 1;
    %pushi/vec4 6, 0, 4;
    %store/vec4 v000002816ad42bf0_0, 0, 4;
    %jmp T_0.5;
T_0.0 ;
    %pushi/vec4 1, 0, 3;
    %store/vec4 v000002816ad6bbf0_0, 0, 3;
    %pushi/vec4 4, 0, 3;
    %store/vec4 v000002816ad73a60_0, 0, 3;
    %pushi/vec4 0, 0, 1;
    %store/vec4 v000002816ad73c40_0, 0, 1;
    %load/vec4 v000002816ad6bc90_0;
    %flag_set/vec4 8;
    %jmp/1 T_0.8, 8;
    %load/vec4 v000002816ad73920_0;
    %flag_set/vec4 9;
    %flag_or 8, 9;
T_0.8;
    %jmp/0 T_0.6, 8;
    %pushi/vec4 3, 0, 4;
    %jmp/1 T_0.7, 8;
T_0.6 ; End of true expr.
    %pushi/vec4 6, 0, 4;
    %jmp/0 T_0.7, 8;
 ; End of false expr.
    %blend;
T_0.7;
    %store/vec4 v000002816ad42bf0_0, 0, 4;
    %jmp T_0.5;
T_0.1 ;
    %pushi/vec4 2, 0, 3;
    %store/vec4 v000002816ad6bbf0_0, 0, 3;
    %pushi/vec4 4, 0, 3;
    %store/vec4 v000002816ad73a60_0, 0, 3;
    %pushi/vec4 0, 0, 1;
    %store/vec4 v000002816ad73c40_0, 0, 1;
    %pushi/vec4 2, 0, 4;
    %store/vec4 v000002816ad42bf0_0, 0, 4;
    %jmp T_0.5;
T_0.2 ;
    %pushi/vec4 4, 0, 3;
    %store/vec4 v000002816ad6bbf0_0, 0, 3;
    %pushi/vec4 1, 0, 3;
    %store/vec4 v000002816ad73a60_0, 0, 3;
    %pushi/vec4 1, 0, 1;
    %store/vec4 v000002816ad73c40_0, 0, 1;
    %load/vec4 v000002816ad6bc90_0;
    %flag_set/vec4 8;
    %jmp/0 T_0.9, 8;
    %pushi/vec4 6, 0, 4;
    %jmp/1 T_0.10, 8;
T_0.9 ; End of true expr.
    %pushi/vec4 4, 0, 4;
    %jmp/0 T_0.10, 8;
 ; End of false expr.
    %blend;
T_0.10;
    %store/vec4 v000002816ad42bf0_0, 0, 4;
    %jmp T_0.5;
T_0.3 ;
    %pushi/vec4 4, 0, 3;
    %store/vec4 v000002816ad6bbf0_0, 0, 3;
    %pushi/vec4 2, 0, 3;
    %store/vec4 v000002816ad73a60_0, 0, 3;
    %pushi/vec4 0, 0, 1;
    %store/vec4 v000002816ad73c40_0, 0, 1;
    %pushi/vec4 2, 0, 4;
    %store/vec4 v000002816ad42bf0_0, 0, 4;
    %jmp T_0.5;
T_0.5 ;
    %pop/vec4 1;
    %jmp T_0;
    .thread T_0, $push;
    .scope S_000002816ad68cf0;
T_1 ;
    %wait E_000002816ad6c810;
    %load/vec4 v000002816ad739c0_0;
    %flag_set/vec4 8;
    %jmp/0xz  T_1.0, 8;
    %pushi/vec4 0, 0, 2;
    %assign/vec4 v000002816ad73b00_0, 0;
    %pushi/vec4 0, 0, 4;
    %assign/vec4 v000002816ad73ba0_0, 0;
    %pushi/vec4 0, 0, 1;
    %assign/vec4 v000002816ad6bc90_0, 0;
    %jmp T_1.1;
T_1.0 ;
    %load/vec4 v000002816ad73920_0;
    %flag_set/vec4 8;
    %jmp/0xz  T_1.2, 8;
    %pushi/vec4 1, 0, 1;
    %assign/vec4 v000002816ad6bc90_0, 0;
T_1.2 ;
    %load/vec4 v000002816ad42bf0_0;
    %subi 1, 0, 4;
    %load/vec4 v000002816ad73ba0_0;
    %cmp/u;
    %flag_or 5, 4;
    %jmp/0xz  T_1.4, 5;
    %pushi/vec4 0, 0, 4;
    %assign/vec4 v000002816ad73ba0_0, 0;
    %load/vec4 v000002816ad73b00_0;
    %dup/vec4;
    %pushi/vec4 0, 0, 2;
    %cmp/u;
    %jmp/1 T_1.6, 6;
    %dup/vec4;
    %pushi/vec4 1, 0, 2;
    %cmp/u;
    %jmp/1 T_1.7, 6;
    %dup/vec4;
    %pushi/vec4 2, 0, 2;
    %cmp/u;
    %jmp/1 T_1.8, 6;
    %dup/vec4;
    %pushi/vec4 3, 0, 2;
    %cmp/u;
    %jmp/1 T_1.9, 6;
    %pushi/vec4 0, 0, 2;
    %assign/vec4 v000002816ad73b00_0, 0;
    %jmp T_1.11;
T_1.6 ;
    %pushi/vec4 1, 0, 2;
    %assign/vec4 v000002816ad73b00_0, 0;
    %jmp T_1.11;
T_1.7 ;
    %pushi/vec4 2, 0, 2;
    %assign/vec4 v000002816ad73b00_0, 0;
    %jmp T_1.11;
T_1.8 ;
    %pushi/vec4 3, 0, 2;
    %assign/vec4 v000002816ad73b00_0, 0;
    %pushi/vec4 0, 0, 1;
    %assign/vec4 v000002816ad6bc90_0, 0;
    %jmp T_1.11;
T_1.9 ;
    %pushi/vec4 0, 0, 2;
    %assign/vec4 v000002816ad73b00_0, 0;
    %jmp T_1.11;
T_1.11 ;
    %pop/vec4 1;
    %jmp T_1.5;
T_1.4 ;
    %load/vec4 v000002816ad73ba0_0;
    %addi 1, 0, 4;
    %assign/vec4 v000002816ad73ba0_0, 0;
T_1.5 ;
T_1.1 ;
    %jmp T_1;
    .thread T_1;
    .scope S_000002816ad6aa40;
T_2 ;
    %pushi/vec4 0, 0, 1;
    %store/vec4 v000002816ad73ce0_0, 0, 1;
T_2.0 ;
    %delay 5000, 0;
    %load/vec4 v000002816ad73ce0_0;
    %inv;
    %store/vec4 v000002816ad73ce0_0, 0, 1;
    %jmp T_2.0;
    %end;
    .thread T_2;
    .scope S_000002816ad6aa40;
T_3 ;
    %wait E_000002816ad6c950;
    %load/vec4 v000002816ad73d80_0;
    %cmpi/e 1, 0, 3;
    %flag_get/vec4 4;
    %jmp/0 T_3.2, 4;
    %load/vec4 v000002816add81f0_0;
    %pushi/vec4 1, 0, 3;
    %cmp/e;
    %flag_get/vec4 4;
    %and;
T_3.2;
    %flag_set/vec4 8;
    %jmp/0xz  T_3.0, 8;
    %vpi_call 2 33 "$display", "ERROR: both roads are green at time %0t", $time {0 0 0};
    %vpi_call 2 34 "$finish" {0 0 0};
T_3.0 ;
    %load/vec4 v000002816add83d0_0;
    %flag_set/vec4 9;
    %flag_get/vec4 9;
    %jmp/0 T_3.5, 9;
    %load/vec4 v000002816add81f0_0;
    %pushi/vec4 1, 0, 3;
    %cmp/ne;
    %flag_get/vec4 4;
    %and;
T_3.5;
    %flag_set/vec4 8;
    %jmp/0xz  T_3.3, 8;
    %vpi_call 2 38 "$display", "ERROR: walk_light is on outside side green at time %0t", $time {0 0 0};
    %vpi_call 2 39 "$finish" {0 0 0};
T_3.3 ;
    %vpi_call 2 42 "$display", "%0t reset=%b ped=%b pending=%b state=%0d timer=%0d main=%b side=%b walk=%b", $time, v000002816add8330_0, v000002816add8470_0, v000002816ad73e20_0, v000002816ad73b00_0, v000002816ad73ba0_0, v000002816ad73d80_0, v000002816add81f0_0, v000002816add83d0_0 {0 0 0};
    %jmp T_3;
    .thread T_3;
    .scope S_000002816ad6aa40;
T_4 ;
    %vpi_call 2 48 "$dumpfile", "school_zone_traffic.vcd" {0 0 0};
    %vpi_call 2 49 "$dumpvars", 32'sb00000000000000000000000000000000, S_000002816ad6aa40 {0 0 0};
    %vpi_call 2 51 "$display", "Smart school-zone traffic controller simulation" {0 0 0};
    %vpi_call 2 52 "$display", "main/side light encoding: RED=100 YELLOW=010 GREEN=001" {0 0 0};
    %pushi/vec4 1, 0, 1;
    %store/vec4 v000002816add8330_0, 0, 1;
    %pushi/vec4 0, 0, 1;
    %store/vec4 v000002816add8470_0, 0, 1;
    %delay 12000, 0;
    %pushi/vec4 0, 0, 1;
    %store/vec4 v000002816add8330_0, 0, 1;
    %delay 130000, 0;
    %pushi/vec4 1, 0, 1;
    %store/vec4 v000002816add8470_0, 0, 1;
    %delay 20000, 0;
    %pushi/vec4 0, 0, 1;
    %store/vec4 v000002816add8470_0, 0, 1;
    %delay 120000, 0;
    %pushi/vec4 1, 0, 1;
    %store/vec4 v000002816add8470_0, 0, 1;
    %delay 10000, 0;
    %pushi/vec4 0, 0, 1;
    %store/vec4 v000002816add8470_0, 0, 1;
    %delay 80000, 0;
    %pushi/vec4 1, 0, 1;
    %store/vec4 v000002816add8330_0, 0, 1;
    %delay 10000, 0;
    %pushi/vec4 0, 0, 1;
    %store/vec4 v000002816add8330_0, 0, 1;
    %delay 60000, 0;
    %vpi_call 2 76 "$display", "Simulation completed without safety errors." {0 0 0};
    %vpi_call 2 77 "$finish" {0 0 0};
    %end;
    .thread T_4;
# The file index is used to find the file name in the following table.
:file_names 4;
    "N/A";
    "<interactive>";
    "tb_school_zone_traffic_controller.v";
    "school_zone_traffic_controller.v";
