#! /c/Source/iverilog-install/bin/vvp
:ivl_version "12.0 (devel)" "(s20150603-1539-g2693dd32b)";
:ivl_delay_selection "TYPICAL";
:vpi_time_precision - 12;
:vpi_module "C:\iverilog\lib\ivl\system.vpi";
:vpi_module "C:\iverilog\lib\ivl\vhdl_sys.vpi";
:vpi_module "C:\iverilog\lib\ivl\vhdl_textio.vpi";
:vpi_module "C:\iverilog\lib\ivl\v2005_math.vpi";
:vpi_module "C:\iverilog\lib\ivl\va_math.vpi";
S_000001e0b04cbc50 .scope module, "tb_traffic_light_controller" "tb_traffic_light_controller" 2 3;
 .timescale -9 -12;
v000001e0b05693a0_0 .var "clk", 0 0;
v000001e0b0569440_0 .net "main_light", 2 0, v000001e0b04cbde0_0;  1 drivers
v000001e0b05694e0_0 .var "ped_request", 0 0;
v000001e0b0569580_0 .var "reset", 0 0;
v000001e0b0569620_0 .net "side_light", 2 0, v000001e0b0569120_0;  1 drivers
v000001e0b056a390_0 .net "walk_light", 0 0, v000001e0b0569300_0;  1 drivers
S_000001e0b051b840 .scope module, "uut" "traffic_light_controller" 2 11, 3 3 0, S_000001e0b04cbc50;
 .timescale -9 -12;
    .port_info 0 /INPUT 1 "clk";
    .port_info 1 /INPUT 1 "reset";
    .port_info 2 /INPUT 1 "ped_request";
    .port_info 3 /OUTPUT 3 "main_light";
    .port_info 4 /OUTPUT 3 "side_light";
    .port_info 5 /OUTPUT 1 "walk_light";
P_000001e0b051b9d0 .param/l "GREEN" 1 3 13, C4<001>;
P_000001e0b051ba08 .param/l "MAIN_GREEN" 1 3 15, C4<00>;
P_000001e0b051ba40 .param/l "MAIN_GREEN_NORMAL_TICKS" 1 3 20, C4<0110>;
P_000001e0b051ba78 .param/l "MAIN_GREEN_REQUEST_TICKS" 1 3 21, C4<0011>;
P_000001e0b051bab0 .param/l "MAIN_YELLOW" 1 3 16, C4<01>;
P_000001e0b051bae8 .param/l "RED" 1 3 11, C4<100>;
P_000001e0b051bb20 .param/l "SIDE_GREEN" 1 3 17, C4<10>;
P_000001e0b051bb58 .param/l "SIDE_GREEN_TICKS" 1 3 23, C4<0100>;
P_000001e0b051bb90 .param/l "SIDE_YELLOW" 1 3 18, C4<11>;
P_000001e0b051bbc8 .param/l "YELLOW" 1 3 12, C4<010>;
P_000001e0b051bc00 .param/l "YELLOW_TICKS" 1 3 22, C4<0010>;
v000001e0b04c6c00_0 .net "clk", 0 0, v000001e0b05693a0_0;  1 drivers
v000001e0b04c69a0_0 .var "limit", 3 0;
v000001e0b04cbde0_0 .var "main_light", 2 0;
v000001e0b0568fe0_0 .net "ped_request", 0 0, v000001e0b05694e0_0;  1 drivers
v000001e0b0569080_0 .net "reset", 0 0, v000001e0b0569580_0;  1 drivers
v000001e0b0569120_0 .var "side_light", 2 0;
v000001e0b05691c0_0 .var "state", 1 0;
v000001e0b0569260_0 .var "timer", 3 0;
v000001e0b0569300_0 .var "walk_light", 0 0;
E_000001e0b04c88b0 .event posedge, v000001e0b0569080_0, v000001e0b04c6c00_0;
E_000001e0b04c8170 .event anyedge, v000001e0b05691c0_0, v000001e0b0568fe0_0;
    .scope S_000001e0b051b840;
T_0 ;
    %wait E_000001e0b04c8170;
    %load/vec4 v000001e0b05691c0_0;
    %dup/vec4;
    %pushi/vec4 0, 0, 2;
    %cmp/u;
    %jmp/1 T_0.0, 6;
    %dup/vec4;
    %pushi/vec4 1, 0, 2;
    %cmp/u;
    %jmp/1 T_0.1, 6;
    %dup/vec4;
    %pushi/vec4 2, 0, 2;
    %cmp/u;
    %jmp/1 T_0.2, 6;
    %dup/vec4;
    %pushi/vec4 3, 0, 2;
    %cmp/u;
    %jmp/1 T_0.3, 6;
    %pushi/vec4 1, 0, 3;
    %store/vec4 v000001e0b04cbde0_0, 0, 3;
    %pushi/vec4 4, 0, 3;
    %store/vec4 v000001e0b0569120_0, 0, 3;
    %pushi/vec4 0, 0, 1;
    %store/vec4 v000001e0b0569300_0, 0, 1;
    %pushi/vec4 6, 0, 4;
    %store/vec4 v000001e0b04c69a0_0, 0, 4;
    %jmp T_0.5;
T_0.0 ;
    %pushi/vec4 1, 0, 3;
    %store/vec4 v000001e0b04cbde0_0, 0, 3;
    %pushi/vec4 4, 0, 3;
    %store/vec4 v000001e0b0569120_0, 0, 3;
    %pushi/vec4 0, 0, 1;
    %store/vec4 v000001e0b0569300_0, 0, 1;
    %load/vec4 v000001e0b0568fe0_0;
    %flag_set/vec4 8;
    %jmp/0 T_0.6, 8;
    %pushi/vec4 3, 0, 4;
    %jmp/1 T_0.7, 8;
T_0.6 ; End of true expr.
    %pushi/vec4 6, 0, 4;
    %jmp/0 T_0.7, 8;
 ; End of false expr.
    %blend;
T_0.7;
    %store/vec4 v000001e0b04c69a0_0, 0, 4;
    %jmp T_0.5;
T_0.1 ;
    %pushi/vec4 2, 0, 3;
    %store/vec4 v000001e0b04cbde0_0, 0, 3;
    %pushi/vec4 4, 0, 3;
    %store/vec4 v000001e0b0569120_0, 0, 3;
    %pushi/vec4 0, 0, 1;
    %store/vec4 v000001e0b0569300_0, 0, 1;
    %pushi/vec4 2, 0, 4;
    %store/vec4 v000001e0b04c69a0_0, 0, 4;
    %jmp T_0.5;
T_0.2 ;
    %pushi/vec4 4, 0, 3;
    %store/vec4 v000001e0b04cbde0_0, 0, 3;
    %pushi/vec4 1, 0, 3;
    %store/vec4 v000001e0b0569120_0, 0, 3;
    %pushi/vec4 1, 0, 1;
    %store/vec4 v000001e0b0569300_0, 0, 1;
    %pushi/vec4 4, 0, 4;
    %store/vec4 v000001e0b04c69a0_0, 0, 4;
    %jmp T_0.5;
T_0.3 ;
    %pushi/vec4 4, 0, 3;
    %store/vec4 v000001e0b04cbde0_0, 0, 3;
    %pushi/vec4 2, 0, 3;
    %store/vec4 v000001e0b0569120_0, 0, 3;
    %pushi/vec4 0, 0, 1;
    %store/vec4 v000001e0b0569300_0, 0, 1;
    %pushi/vec4 2, 0, 4;
    %store/vec4 v000001e0b04c69a0_0, 0, 4;
    %jmp T_0.5;
T_0.5 ;
    %pop/vec4 1;
    %jmp T_0;
    .thread T_0, $push;
    .scope S_000001e0b051b840;
T_1 ;
    %wait E_000001e0b04c88b0;
    %load/vec4 v000001e0b0569080_0;
    %flag_set/vec4 8;
    %jmp/0xz  T_1.0, 8;
    %pushi/vec4 0, 0, 2;
    %assign/vec4 v000001e0b05691c0_0, 0;
    %pushi/vec4 0, 0, 4;
    %assign/vec4 v000001e0b0569260_0, 0;
    %jmp T_1.1;
T_1.0 ;
    %load/vec4 v000001e0b04c69a0_0;
    %subi 1, 0, 4;
    %load/vec4 v000001e0b0569260_0;
    %cmp/u;
    %flag_or 5, 4;
    %jmp/0xz  T_1.2, 5;
    %pushi/vec4 0, 0, 4;
    %assign/vec4 v000001e0b0569260_0, 0;
    %load/vec4 v000001e0b05691c0_0;
    %dup/vec4;
    %pushi/vec4 0, 0, 2;
    %cmp/u;
    %jmp/1 T_1.4, 6;
    %dup/vec4;
    %pushi/vec4 1, 0, 2;
    %cmp/u;
    %jmp/1 T_1.5, 6;
    %dup/vec4;
    %pushi/vec4 2, 0, 2;
    %cmp/u;
    %jmp/1 T_1.6, 6;
    %dup/vec4;
    %pushi/vec4 3, 0, 2;
    %cmp/u;
    %jmp/1 T_1.7, 6;
    %pushi/vec4 0, 0, 2;
    %assign/vec4 v000001e0b05691c0_0, 0;
    %jmp T_1.9;
T_1.4 ;
    %pushi/vec4 1, 0, 2;
    %assign/vec4 v000001e0b05691c0_0, 0;
    %jmp T_1.9;
T_1.5 ;
    %pushi/vec4 2, 0, 2;
    %assign/vec4 v000001e0b05691c0_0, 0;
    %jmp T_1.9;
T_1.6 ;
    %pushi/vec4 3, 0, 2;
    %assign/vec4 v000001e0b05691c0_0, 0;
    %jmp T_1.9;
T_1.7 ;
    %pushi/vec4 0, 0, 2;
    %assign/vec4 v000001e0b05691c0_0, 0;
    %jmp T_1.9;
T_1.9 ;
    %pop/vec4 1;
    %jmp T_1.3;
T_1.2 ;
    %load/vec4 v000001e0b0569260_0;
    %addi 1, 0, 4;
    %assign/vec4 v000001e0b0569260_0, 0;
T_1.3 ;
T_1.1 ;
    %jmp T_1;
    .thread T_1;
    .scope S_000001e0b04cbc50;
T_2 ;
    %pushi/vec4 0, 0, 1;
    %store/vec4 v000001e0b05693a0_0, 0, 1;
T_2.0 ;
    %delay 5000, 0;
    %load/vec4 v000001e0b05693a0_0;
    %inv;
    %store/vec4 v000001e0b05693a0_0, 0, 1;
    %jmp T_2.0;
    %end;
    .thread T_2;
    .scope S_000001e0b04cbc50;
T_3 ;
    %vpi_call 2 26 "$dumpfile", "lab10_traffic_light.vcd" {0 0 0};
    %vpi_call 2 27 "$dumpvars", 32'sb00000000000000000000000000000000, S_000001e0b04cbc50 {0 0 0};
    %pushi/vec4 1, 0, 1;
    %store/vec4 v000001e0b0569580_0, 0, 1;
    %pushi/vec4 0, 0, 1;
    %store/vec4 v000001e0b05694e0_0, 0, 1;
    %delay 12000, 0;
    %pushi/vec4 0, 0, 1;
    %store/vec4 v000001e0b0569580_0, 0, 1;
    %delay 90000, 0;
    %pushi/vec4 1, 0, 1;
    %store/vec4 v000001e0b05694e0_0, 0, 1;
    %delay 40000, 0;
    %pushi/vec4 0, 0, 1;
    %store/vec4 v000001e0b05694e0_0, 0, 1;
    %delay 100000, 0;
    %pushi/vec4 1, 0, 1;
    %store/vec4 v000001e0b0569580_0, 0, 1;
    %delay 10000, 0;
    %pushi/vec4 0, 0, 1;
    %store/vec4 v000001e0b0569580_0, 0, 1;
    %delay 40000, 0;
    %vpi_call 2 47 "$finish" {0 0 0};
    %end;
    .thread T_3;
# The file index is used to find the file name in the following table.
:file_names 4;
    "N/A";
    "<interactive>";
    "tb_traffic_light_controller.v";
    "traffic_light_controller.v";
