#! /c/Source/iverilog-install/bin/vvp
:ivl_version "12.0 (devel)" "(s20150603-1539-g2693dd32b)";
:ivl_delay_selection "TYPICAL";
:vpi_time_precision - 12;
:vpi_module "C:\iverilog\lib\ivl\system.vpi";
:vpi_module "C:\iverilog\lib\ivl\vhdl_sys.vpi";
:vpi_module "C:\iverilog\lib\ivl\vhdl_textio.vpi";
:vpi_module "C:\iverilog\lib\ivl\v2005_math.vpi";
:vpi_module "C:\iverilog\lib\ivl\va_math.vpi";
S_000001ea15f3b920 .scope module, "tb_hello_logic" "tb_hello_logic" 2 3;
 .timescale -9 -12;
v000001ea15e344f0_0 .var "a", 0 0;
v000001ea15e34590_0 .net "and_y", 0 0, L_000001ea15f3b600;  1 drivers
v000001ea15e34630_0 .var "b", 0 0;
v000001ea15e346d0_0 .var/i "i", 31 0;
v000001ea15e34770_0 .net "or_y", 0 0, L_000001ea15f3bdd0;  1 drivers
v000001ea15e027f0_0 .net "xor_y", 0 0, L_000001ea15f38d00;  1 drivers
S_000001ea15e25a10 .scope module, "uut" "hello_logic" 2 12, 3 3 0, S_000001ea15f3b920;
 .timescale -9 -12;
    .port_info 0 /INPUT 1 "a";
    .port_info 1 /INPUT 1 "b";
    .port_info 2 /OUTPUT 1 "and_y";
    .port_info 3 /OUTPUT 1 "or_y";
    .port_info 4 /OUTPUT 1 "xor_y";
L_000001ea15f3b600 .functor AND 1, v000001ea15e344f0_0, v000001ea15e34630_0, C4<1>, C4<1>;
L_000001ea15f3bdd0 .functor OR 1, v000001ea15e344f0_0, v000001ea15e34630_0, C4<0>, C4<0>;
L_000001ea15f38d00 .functor XOR 1, v000001ea15e344f0_0, v000001ea15e34630_0, C4<0>, C4<0>;
v000001ea15e030b0_0 .net "a", 0 0, v000001ea15e344f0_0;  1 drivers
v000001ea15e25ba0_0 .net "and_y", 0 0, L_000001ea15f3b600;  alias, 1 drivers
v000001ea15f39740_0 .net "b", 0 0, v000001ea15e34630_0;  1 drivers
v000001ea15f38c60_0 .net "or_y", 0 0, L_000001ea15f3bdd0;  alias, 1 drivers
v000001ea15e34450_0 .net "xor_y", 0 0, L_000001ea15f38d00;  alias, 1 drivers
    .scope S_000001ea15f3b920;
T_0 ;
    %vpi_call 2 21 "$dumpfile", "lab01_hello_logic.vcd" {0 0 0};
    %vpi_call 2 22 "$dumpvars", 32'sb00000000000000000000000000000000, S_000001ea15f3b920 {0 0 0};
    %vpi_call 2 24 "$display", "a b | and or xor" {0 0 0};
    %vpi_call 2 25 "$display", "---------------" {0 0 0};
    %pushi/vec4 0, 0, 32;
    %store/vec4 v000001ea15e346d0_0, 0, 32;
T_0.0 ;
    %load/vec4 v000001ea15e346d0_0;
    %cmpi/s 4, 0, 32;
    %jmp/0xz T_0.1, 5;
    %load/vec4 v000001ea15e346d0_0;
    %parti/s 2, 0, 2;
    %split/vec4 1;
    %store/vec4 v000001ea15e34630_0, 0, 1;
    %store/vec4 v000001ea15e344f0_0, 0, 1;
    %delay 10000, 0;
    %vpi_call 2 30 "$display", "%b %b |  %b   %b   %b", v000001ea15e344f0_0, v000001ea15e34630_0, v000001ea15e34590_0, v000001ea15e34770_0, v000001ea15e027f0_0 {0 0 0};
    %load/vec4 v000001ea15e346d0_0;
    %addi 1, 0, 32;
    %store/vec4 v000001ea15e346d0_0, 0, 32;
    %jmp T_0.0;
T_0.1 ;
    %vpi_call 2 33 "$finish" {0 0 0};
    %end;
    .thread T_0;
# The file index is used to find the file name in the following table.
:file_names 4;
    "N/A";
    "<interactive>";
    "tb_hello_logic.v";
    "hello_logic.v";
