#! /c/Source/iverilog-install/bin/vvp
:ivl_version "12.0 (devel)" "(s20150603-1539-g2693dd32b)";
:ivl_delay_selection "TYPICAL";
:vpi_time_precision - 12;
:vpi_module "C:\iverilog\lib\ivl\system.vpi";
:vpi_module "C:\iverilog\lib\ivl\vhdl_sys.vpi";
:vpi_module "C:\iverilog\lib\ivl\vhdl_textio.vpi";
:vpi_module "C:\iverilog\lib\ivl\v2005_math.vpi";
:vpi_module "C:\iverilog\lib\ivl\va_math.vpi";
S_0000017193e37670 .scope module, "tb_shift_register" "tb_shift_register" 2 3;
 .timescale -9 -12;
v0000017193e43a00_0 .var "clk", 0 0;
v0000017193e43aa0_0 .var "direction", 0 0;
v0000017193e95030_0 .var "load", 0 0;
v0000017193e94c70_0 .var "parallel_in", 3 0;
v0000017193e94db0_0 .net "q", 3 0, v0000017193dfda60_0;  1 drivers
v0000017193e950d0_0 .var "reset", 0 0;
v0000017193e95670_0 .var "serial_in", 0 0;
v0000017193e957b0_0 .net "serial_out", 0 0, L_0000017193e94950;  1 drivers
S_0000017193dfd830 .scope module, "uut" "shift_register4" 2 13, 3 3 0, S_0000017193e37670;
 .timescale -9 -12;
    .port_info 0 /INPUT 1 "clk";
    .port_info 1 /INPUT 1 "reset";
    .port_info 2 /INPUT 1 "load";
    .port_info 3 /INPUT 1 "direction";
    .port_info 4 /INPUT 1 "serial_in";
    .port_info 5 /INPUT 4 "parallel_in";
    .port_info 6 /OUTPUT 4 "q";
    .port_info 7 /OUTPUT 1 "serial_out";
v0000017193df6c40_0 .net *"_ivl_1", 0 0, L_0000017193e95210;  1 drivers
v0000017193dfbe00_0 .net *"_ivl_3", 0 0, L_0000017193e94b30;  1 drivers
v0000017193df69a0_0 .net "clk", 0 0, v0000017193e43a00_0;  1 drivers
v0000017193e37800_0 .net "direction", 0 0, v0000017193e43aa0_0;  1 drivers
v0000017193e378a0_0 .net "load", 0 0, v0000017193e95030_0;  1 drivers
v0000017193dfd9c0_0 .net "parallel_in", 3 0, v0000017193e94c70_0;  1 drivers
v0000017193dfda60_0 .var "q", 3 0;
v0000017193dfdb00_0 .net "reset", 0 0, v0000017193e950d0_0;  1 drivers
v0000017193dfdba0_0 .net "serial_in", 0 0, v0000017193e95670_0;  1 drivers
v0000017193e43960_0 .net "serial_out", 0 0, L_0000017193e94950;  alias, 1 drivers
E_0000017193e34fc0 .event posedge, v0000017193dfdb00_0, v0000017193df69a0_0;
L_0000017193e95210 .part v0000017193dfda60_0, 3, 1;
L_0000017193e94b30 .part v0000017193dfda60_0, 0, 1;
L_0000017193e94950 .functor MUXZ 1, L_0000017193e94b30, L_0000017193e95210, v0000017193e43aa0_0, C4<>;
    .scope S_0000017193dfd830;
T_0 ;
    %wait E_0000017193e34fc0;
    %load/vec4 v0000017193dfdb00_0;
    %flag_set/vec4 8;
    %jmp/0xz  T_0.0, 8;
    %pushi/vec4 0, 0, 4;
    %assign/vec4 v0000017193dfda60_0, 0;
    %jmp T_0.1;
T_0.0 ;
    %load/vec4 v0000017193e378a0_0;
    %flag_set/vec4 8;
    %jmp/0xz  T_0.2, 8;
    %load/vec4 v0000017193dfd9c0_0;
    %assign/vec4 v0000017193dfda60_0, 0;
    %jmp T_0.3;
T_0.2 ;
    %load/vec4 v0000017193e37800_0;
    %flag_set/vec4 8;
    %jmp/0xz  T_0.4, 8;
    %load/vec4 v0000017193dfda60_0;
    %parti/s 3, 0, 2;
    %load/vec4 v0000017193dfdba0_0;
    %concat/vec4; draw_concat_vec4
    %assign/vec4 v0000017193dfda60_0, 0;
    %jmp T_0.5;
T_0.4 ;
    %load/vec4 v0000017193dfdba0_0;
    %load/vec4 v0000017193dfda60_0;
    %parti/s 3, 1, 2;
    %concat/vec4; draw_concat_vec4
    %assign/vec4 v0000017193dfda60_0, 0;
T_0.5 ;
T_0.3 ;
T_0.1 ;
    %jmp T_0;
    .thread T_0;
    .scope S_0000017193e37670;
T_1 ;
    %pushi/vec4 0, 0, 1;
    %store/vec4 v0000017193e43a00_0, 0, 1;
T_1.0 ;
    %delay 5000, 0;
    %load/vec4 v0000017193e43a00_0;
    %inv;
    %store/vec4 v0000017193e43a00_0, 0, 1;
    %jmp T_1.0;
    %end;
    .thread T_1;
    .scope S_0000017193e37670;
T_2 ;
    %vpi_call 2 30 "$dumpfile", "lab08_shift_register.vcd" {0 0 0};
    %vpi_call 2 31 "$dumpvars", 32'sb00000000000000000000000000000000, S_0000017193e37670 {0 0 0};
    %pushi/vec4 1, 0, 1;
    %store/vec4 v0000017193e950d0_0, 0, 1;
    %pushi/vec4 0, 0, 1;
    %store/vec4 v0000017193e95030_0, 0, 1;
    %pushi/vec4 0, 0, 1;
    %store/vec4 v0000017193e43aa0_0, 0, 1;
    %pushi/vec4 0, 0, 1;
    %store/vec4 v0000017193e95670_0, 0, 1;
    %pushi/vec4 11, 0, 4;
    %store/vec4 v0000017193e94c70_0, 0, 4;
    %delay 12000, 0;
    %pushi/vec4 0, 0, 1;
    %store/vec4 v0000017193e950d0_0, 0, 1;
    %pushi/vec4 1, 0, 1;
    %store/vec4 v0000017193e95030_0, 0, 1;
    %delay 10000, 0;
    %pushi/vec4 0, 0, 1;
    %store/vec4 v0000017193e95030_0, 0, 1;
    %pushi/vec4 1, 0, 1;
    %store/vec4 v0000017193e95670_0, 0, 1;
    %delay 20000, 0;
    %pushi/vec4 0, 0, 1;
    %store/vec4 v0000017193e95670_0, 0, 1;
    %delay 20000, 0;
    %pushi/vec4 1, 0, 1;
    %store/vec4 v0000017193e95670_0, 0, 1;
    %delay 20000, 0;
    %pushi/vec4 1, 0, 1;
    %store/vec4 v0000017193e95030_0, 0, 1;
    %pushi/vec4 1, 0, 1;
    %store/vec4 v0000017193e43aa0_0, 0, 1;
    %pushi/vec4 11, 0, 4;
    %store/vec4 v0000017193e94c70_0, 0, 4;
    %delay 10000, 0;
    %pushi/vec4 0, 0, 1;
    %store/vec4 v0000017193e95030_0, 0, 1;
    %pushi/vec4 0, 0, 1;
    %store/vec4 v0000017193e95670_0, 0, 1;
    %delay 20000, 0;
    %pushi/vec4 1, 0, 1;
    %store/vec4 v0000017193e95670_0, 0, 1;
    %delay 20000, 0;
    %vpi_call 2 66 "$finish" {0 0 0};
    %end;
    .thread T_2;
# The file index is used to find the file name in the following table.
:file_names 4;
    "N/A";
    "<interactive>";
    "tb_shift_register.v";
    "shift_register.v";
