#! /c/Source/iverilog-install/bin/vvp
:ivl_version "12.0 (devel)" "(s20150603-1539-g2693dd32b)";
:ivl_delay_selection "TYPICAL";
:vpi_time_precision - 12;
:vpi_module "C:\iverilog\lib\ivl\system.vpi";
:vpi_module "C:\iverilog\lib\ivl\vhdl_sys.vpi";
:vpi_module "C:\iverilog\lib\ivl\vhdl_textio.vpi";
:vpi_module "C:\iverilog\lib\ivl\v2005_math.vpi";
:vpi_module "C:\iverilog\lib\ivl\va_math.vpi";
S_000001f00965afa0 .scope module, "tb_sequence_detector" "tb_sequence_detector" 2 3;
 .timescale -9 -12;
v000001f009577850_0 .var "bit_in", 0 0;
v000001f0095778f0_0 .var "clk", 0 0;
v000001f009574100_0 .net "detected", 0 0, v000001f0095775d0_0;  1 drivers
v000001f0095741a0_0 .var/i "i", 31 0;
v000001f009574240_0 .var "reset", 0 0;
v000001f0095742e0_0 .var "stream", 15 0;
S_000001f00965b130 .scope module, "uut" "sequence_detector_1101" 2 12, 3 3 0, S_000001f00965afa0;
 .timescale -9 -12;
    .port_info 0 /INPUT 1 "clk";
    .port_info 1 /INPUT 1 "reset";
    .port_info 2 /INPUT 1 "bit_in";
    .port_info 3 /OUTPUT 1 "detected";
P_000001f00965b9e0 .param/l "S0" 1 3 9, C4<000>;
P_000001f00965ba18 .param/l "S1" 1 3 10, C4<001>;
P_000001f00965ba50 .param/l "S11" 1 3 11, C4<010>;
P_000001f00965ba88 .param/l "S110" 1 3 12, C4<011>;
P_000001f00965bac0 .param/l "S1101" 1 3 13, C4<100>;
v000001f009577530_0 .net "bit_in", 0 0, v000001f009577850_0;  1 drivers
v000001f0095430e0_0 .net "clk", 0 0, v000001f0095778f0_0;  1 drivers
v000001f0095775d0_0 .var "detected", 0 0;
v000001f009577670_0 .var "next_state", 2 0;
v000001f009577710_0 .net "reset", 0 0, v000001f009574240_0;  1 drivers
v000001f0095777b0_0 .var "state", 2 0;
E_000001f009567690 .event posedge, v000001f009577710_0, v000001f0095430e0_0;
E_000001f009567b10 .event anyedge, v000001f0095777b0_0;
E_000001f009567e50 .event anyedge, v000001f0095777b0_0, v000001f009577530_0;
    .scope S_000001f00965b130;
T_0 ;
    %wait E_000001f009567e50;
    %load/vec4 v000001f0095777b0_0;
    %dup/vec4;
    %pushi/vec4 0, 0, 3;
    %cmp/u;
    %jmp/1 T_0.0, 6;
    %dup/vec4;
    %pushi/vec4 1, 0, 3;
    %cmp/u;
    %jmp/1 T_0.1, 6;
    %dup/vec4;
    %pushi/vec4 2, 0, 3;
    %cmp/u;
    %jmp/1 T_0.2, 6;
    %dup/vec4;
    %pushi/vec4 3, 0, 3;
    %cmp/u;
    %jmp/1 T_0.3, 6;
    %dup/vec4;
    %pushi/vec4 4, 0, 3;
    %cmp/u;
    %jmp/1 T_0.4, 6;
    %pushi/vec4 0, 0, 3;
    %store/vec4 v000001f009577670_0, 0, 3;
    %jmp T_0.6;
T_0.0 ;
    %load/vec4 v000001f009577530_0;
    %flag_set/vec4 8;
    %jmp/0 T_0.7, 8;
    %pushi/vec4 1, 0, 3;
    %jmp/1 T_0.8, 8;
T_0.7 ; End of true expr.
    %pushi/vec4 0, 0, 3;
    %jmp/0 T_0.8, 8;
 ; End of false expr.
    %blend;
T_0.8;
    %store/vec4 v000001f009577670_0, 0, 3;
    %jmp T_0.6;
T_0.1 ;
    %load/vec4 v000001f009577530_0;
    %flag_set/vec4 8;
    %jmp/0 T_0.9, 8;
    %pushi/vec4 2, 0, 3;
    %jmp/1 T_0.10, 8;
T_0.9 ; End of true expr.
    %pushi/vec4 0, 0, 3;
    %jmp/0 T_0.10, 8;
 ; End of false expr.
    %blend;
T_0.10;
    %store/vec4 v000001f009577670_0, 0, 3;
    %jmp T_0.6;
T_0.2 ;
    %load/vec4 v000001f009577530_0;
    %flag_set/vec4 8;
    %jmp/0 T_0.11, 8;
    %pushi/vec4 2, 0, 3;
    %jmp/1 T_0.12, 8;
T_0.11 ; End of true expr.
    %pushi/vec4 3, 0, 3;
    %jmp/0 T_0.12, 8;
 ; End of false expr.
    %blend;
T_0.12;
    %store/vec4 v000001f009577670_0, 0, 3;
    %jmp T_0.6;
T_0.3 ;
    %load/vec4 v000001f009577530_0;
    %flag_set/vec4 8;
    %jmp/0 T_0.13, 8;
    %pushi/vec4 4, 0, 3;
    %jmp/1 T_0.14, 8;
T_0.13 ; End of true expr.
    %pushi/vec4 0, 0, 3;
    %jmp/0 T_0.14, 8;
 ; End of false expr.
    %blend;
T_0.14;
    %store/vec4 v000001f009577670_0, 0, 3;
    %jmp T_0.6;
T_0.4 ;
    %load/vec4 v000001f009577530_0;
    %flag_set/vec4 8;
    %jmp/0 T_0.15, 8;
    %pushi/vec4 2, 0, 3;
    %jmp/1 T_0.16, 8;
T_0.15 ; End of true expr.
    %pushi/vec4 0, 0, 3;
    %jmp/0 T_0.16, 8;
 ; End of false expr.
    %blend;
T_0.16;
    %store/vec4 v000001f009577670_0, 0, 3;
    %jmp T_0.6;
T_0.6 ;
    %pop/vec4 1;
    %jmp T_0;
    .thread T_0, $push;
    .scope S_000001f00965b130;
T_1 ;
    %wait E_000001f009567b10;
    %load/vec4 v000001f0095777b0_0;
    %pushi/vec4 4, 0, 3;
    %cmp/e;
    %flag_get/vec4 4;
    %store/vec4 v000001f0095775d0_0, 0, 1;
    %jmp T_1;
    .thread T_1, $push;
    .scope S_000001f00965b130;
T_2 ;
    %wait E_000001f009567690;
    %load/vec4 v000001f009577710_0;
    %flag_set/vec4 8;
    %jmp/0xz  T_2.0, 8;
    %pushi/vec4 0, 0, 3;
    %assign/vec4 v000001f0095777b0_0, 0;
    %jmp T_2.1;
T_2.0 ;
    %load/vec4 v000001f009577670_0;
    %assign/vec4 v000001f0095777b0_0, 0;
T_2.1 ;
    %jmp T_2;
    .thread T_2;
    .scope S_000001f00965afa0;
T_3 ;
    %pushi/vec4 0, 0, 1;
    %store/vec4 v000001f0095778f0_0, 0, 1;
T_3.0 ;
    %delay 5000, 0;
    %load/vec4 v000001f0095778f0_0;
    %inv;
    %store/vec4 v000001f0095778f0_0, 0, 1;
    %jmp T_3.0;
    %end;
    .thread T_3;
    .scope S_000001f00965afa0;
T_4 ;
    %vpi_call 2 25 "$dumpfile", "lab09_sequence_detector.vcd" {0 0 0};
    %vpi_call 2 26 "$dumpvars", 32'sb00000000000000000000000000000000, S_000001f00965afa0 {0 0 0};
    %pushi/vec4 1, 0, 1;
    %store/vec4 v000001f009574240_0, 0, 1;
    %pushi/vec4 0, 0, 1;
    %store/vec4 v000001f009577850_0, 0, 1;
    %pushi/vec4 55005, 0, 16;
    %store/vec4 v000001f0095742e0_0, 0, 16;
    %delay 12000, 0;
    %pushi/vec4 0, 0, 1;
    %store/vec4 v000001f009574240_0, 0, 1;
    %pushi/vec4 15, 0, 32;
    %store/vec4 v000001f0095741a0_0, 0, 32;
T_4.0 ;
    %load/vec4 v000001f0095741a0_0;
    %cmpi/s 0, 0, 32;
    %flag_inv 5; GE is !LT
    %jmp/0xz T_4.1, 5;
    %load/vec4 v000001f0095742e0_0;
    %load/vec4 v000001f0095741a0_0;
    %part/s 1;
    %store/vec4 v000001f009577850_0, 0, 1;
    %delay 10000, 0;
    %vpi_call 2 37 "$display", "bit=%b detected=%b", v000001f009577850_0, v000001f009574100_0 {0 0 0};
    %load/vec4 v000001f0095741a0_0;
    %subi 1, 0, 32;
    %store/vec4 v000001f0095741a0_0, 0, 32;
    %jmp T_4.0;
T_4.1 ;
    %vpi_call 2 40 "$finish" {0 0 0};
    %end;
    .thread T_4;
# The file index is used to find the file name in the following table.
:file_names 4;
    "N/A";
    "<interactive>";
    "tb_sequence_detector.v";
    "sequence_detector.v";
